<?xml version="1.0" encoding="UTF-8"?>
<!-- Generated by org.testng.reporters.JUnitReportReporter -->
<testsuite skipped="0" hostname="Testing-PC" name="com.computech.testcases.LoginTest_Tc1" tests="1" failures="0" timestamp="2021-02-20T18:25:26 IST" time="5.202" errors="0">
  <testcase name="login" time="5.202" classname="com.computech.testcases.LoginTest_Tc1"/>
</testsuite> <!-- com.computech.testcases.LoginTest_Tc1 -->
