<?xml version="1.0" encoding="UTF-8"?>
<!-- Generated by org.testng.reporters.JUnitReportReporter -->
<testsuite skipped="0" hostname="Testing-PC" name="com.computech.testcases.LogoutTest_Tc2" tests="1" failures="0" timestamp="2021-02-20T18:31:21 IST" time="6.489" errors="0">
  <testcase name="logout" time="6.489" classname="com.computech.testcases.LogoutTest_Tc2"/>
</testsuite> <!-- com.computech.testcases.LogoutTest_Tc2 -->
